<?xml version="1.0" encoding="UTF-8"?>
<!-- Generated by org.testng.reporters.JUnitXMLReporter -->
<testsuite hostname="DESKTOP-VHA8JGD" ignored="0" name="Banking App Test" tests="3" failures="1" timestamp="21 Jul 2019 07:10:01 GMT" time="36.848" errors="0">
  <testcase name="verifyBankLogo" time="0.662" classname="com.intBanking.testCases.TC_LoginTest_001"/>
  <testcase name="loginTest" time="4.786" classname="com.intBanking.testCases.TC_LoginTest_001"/>
  <testcase name="hompageTest" time="0.954" classname="com.intBanking.testCases.TC_LoginTest_001">
    <failure type="java.lang.AssertionError" message="expected [true] but found [false]">
      <![CDATA[java.lang.AssertionError: expected [true] but found [false]
at com.intBanking.testCases.TC_LoginTest_001.hompageTest(TC_LoginTest_001.java:51)
... Removed 29 stack frames]]>
    </failure>
  </testcase> <!-- hompageTest -->
</testsuite> <!-- Banking App Test -->
